0 0 240
606 0 54691
1212 0 91062
1818 0 149798
2424 0 215793
3030 0 274272
3636 0 378731
4242 0 475575
4848 0 584122
5454 0 692221
6060 0 805613
6666 0 925979
7272 0 1056287
7878 0 1196264
8484 0 1348871
9090 0 1577710
9696 0 1643232
10302 0 1850133
10908 0 2069509
11514 0 2303242
12120 0 2512734
12726 0 2806538
13332 0 3069882
13938 0 2959290
14544 0 3527346
15150 0 3930875
15756 0 4191029
16362 0 4491706
16968 0 4816773
17574 0 5135041
18180 0 5477961
18786 0 5824931
19392 0 6179815
19998 0 6458799
20604 0 6879075
21210 0 7286359
21816 0 7682850
22422 0 8078525
23028 0 8472550
23634 0 8864565
24240 0 9568789
24846 0 10009645
25452 0 10300781
26058 0 10564604
26664 0 11027354
27270 0 11487430
27876 0 11958120
28482 0 12422303
29088 0 12901326
29694 0 13342025
30300 0 13881002
30906 0 14374787
31512 0 14936462
32118 0 15362540
32724 0 15931761
33330 0 16406308
33936 0 17012131
34542 0 17797658
35148 0 18230208
35754 0 18676264
36360 0 34169501
36966 0 37757455
37572 0 35488645
38178 0 30116095
38784 0 21647456
39390 0 22086721
39996 0 23120216
40602 0 32312201
41208 0 45429042
41814 0 38118611
42420 0 25707410
43026 0 33656035
43632 0 50836404
44238 0 35804447
44844 0 33363563
45450 0 34431550
46056 0 41548246
46662 0 30847784
47268 0 56288625
47874 0 63027033
48480 0 65687652
49086 0 63654015
49692 0 34387723
50298 0 40998390
50904 0 68146794
51510 0 73006453
52116 0 37381269
52722 0 38144016
53328 0 39048305
53934 0 39789548
54540 0 40580071
55146 0 41418200
55752 0 42166454
56358 0 53225975
56964 0 43797427
57570 0 66456433
58176 0 55797395
58782 0 48081197
59388 0 63131537
59994 0 48353484
60600 0 51082037
61206 0 50812342
61812 0 58900599
62418 0 100534728
63024 0 75474126
63630 0 53502594
64236 0 54795848
64842 0 59780817
65448 0 92901095
66054 0 103204389
66660 0 117650000
67266 0 67501725
67872 0 118242297
68478 0 69103217
69084 0 119246959
69690 0 69848998
70296 0 128751897
70902 0 76489399
71508 0 160689503
72114 0 160235836
72720 0 139646504
73326 0 144558895
73932 0 142551077
74538 0 72420345
75144 0 143787363
75750 0 226395635
76356 0 168496114
76962 0 138396342
77568 0 205531270
78174 0 78786173
78780 0 81757119
79386 0 82032704
79992 0 111345122
80598 0 169381670
81204 0 85296013
81810 0 173413760
82416 0 152107467
83022 0 134009644
83628 0 209573148
84234 0 180441866
84840 0 146271456
85446 0 131732204
86052 0 147298820
86658 0 191044421
87264 0 193518701
87870 0 197941633
88476 0 200136630
89082 0 203260567
89688 0 205612123
90294 0 173049894
90900 0 203861809
91506 0 208210333
92112 0 216855961
92718 0 219320919
93324 0 205293252
93930 0 208386487
94536 0 201394000
95142 0 115517403
95748 0 118036938
96354 0 120606874
96960 0 204792680
97566 0 173229480
98172 0 122207899
98778 0 127773638
99384 0 127491408
99990 0 162280878
100596 0 129702495
101202 0 134166897
101808 0 182421755
102414 0 263964387
103020 0 262607890
103626 0 205502541
104232 0 258482884
104838 0 295675736
105444 0 142472175
106050 0 142761723
106656 0 144285731
107262 0 145871250
107868 0 147210409
108474 0 149159801
109080 0 149641578
109686 0 151053555
110292 0 151776762
110898 0 269465567
111504 0 270024017
112110 0 175430138
112716 0 160475583
113322 0 192581869
113928 0 252600350
114534 0 306385608
115140 0 294963979
115746 0 250398424
116352 0 287777493
116958 0 376797470
117564 0 316429050
118170 0 331458951
118776 0 302678621
119382 0 268469668
119988 0 345513192
120594 0 214750767
121200 0 182963490
121806 0 185735031
122412 0 204629125
123018 0 191139004
123624 0 190929507
124230 0 236027135
124836 0 348590871
125442 0 329137680
126048 0 326628033
126654 0 207184275
127260 0 200855310
127866 0 254595345
128472 0 281326057
129078 0 207572868
129684 0 282174730
130290 0 276303780
130896 0 223165447
131502 0 215317011
132108 0 217367062
132714 0 222566881
133320 0 221822020
133926 0 224075855
134532 0 255298728
135138 0 226758084
135744 0 268682084
136350 0 228701784
136956 0 467163849
137562 0 345090382
138168 0 256230826
138774 0 494364669
139380 0 479118196
139986 0 458099622
140592 0 299939840
141198 0 246846106
141804 0 249050088
142410 0 254471946
143016 0 253928548
143622 0 360922842
144228 0 312092817
144834 0 276290359
145440 0 260317592
146046 0 489989964
146652 0 528020029
147258 0 533527073
147864 0 283126994
148470 0 425558977
149076 0 469463222
149682 0 631707702
150288 0 927148506
150894 0 681548014
151500 0 609021000
152106 0 909405261
152712 0 562873100
153318 0 515216610
153924 0 562451543
154530 0 468085654
155136 0 595010748
155742 0 361378173
156348 0 804765330
156954 0 614844348
157560 0 396201344
158166 0 594305885
158772 0 548766837
159378 0 519277042
159984 0 408892033
160590 0 387674032
161196 0 686882790
161802 0 692877011
162408 0 685422681
163014 0 430995620
163620 0 709277594
164226 0 374511786
164832 0 337993047
165438 0 587527586
166044 0 808949241
166650 0 946417003
167256 0 562125942
167862 0 449437922
168468 0 363744820
169074 0 512145895
169680 0 679048149
170286 0 761613694
170892 0 711253644
171498 0 532165575
172104 0 358713197
172710 0 363595382
173316 0 393241067
173922 0 705233573
174528 0 678579967
175134 0 537774829
175740 0 516810004
176346 0 407979759
176952 0 524459042
177558 0 403040522
178164 0 629434811
178770 0 710968071
179376 0 760059068
179982 0 836750382
180588 0 796725721
181194 0 704242539
181800 0 593911577
182406 0 651562119
183012 0 457520924
183618 0 622248079
184224 0 418223203
184830 0 422697726
185436 0 564510019
186042 0 774417057
186648 0 748568528
187254 0 759549648
187860 0 768996981
188466 0 806512340
189072 0 550409935
189678 0 666036312
190284 0 888082293
190890 0 803532324
191496 0 511547103
192102 0 534092573
192708 0 477075570
193314 0 925220806
193920 0 689572207
194526 0 599210884
195132 0 598476982
195738 0 666114905
196344 0 512731461
196950 0 530836996
197556 0 712954435
198162 0 699154954
198768 0 823538527
199374 0 532250431
199980 0 896866771
