0 0 277
1 1 46
2 1 87
3 2 68
4 3 121
5 5 173
6 8 270
7 13 365
8 21 549
9 34 731
10 55 931
11 89 1234
12 144 1950
13 233 2970
14 377 4732
15 610 7502
16 987 12016
17 1597 19351
18 2584 31160
19 4181 50143
20 6765 80911
21 10946 135874
22 17711 211488
23 28657 342066
24 46368 558392
25 75025 901083
26 121393 1551563
27 196418 2390033
28 317811 3917486
29 514229 6389193
30 832040 10070791
31 1346269 16585936
32 2178309 26358380
33 3524578 46625310
34 5702887 76796484
35 9227465 116033111
36 14930352 183502932
37 24157817 293367462
38 39088169 481465572
39 63245986 771581998
40 102334155 1278295761
